<?xml version="1.0" ?>
<testsuites disabled="0" errors="0" failures="0" tests="3" time="0.3789207935333252" name="SST TESTING FRAMEWORKS">
	<testsuite disabled="0" errors="0" failures="0" name="testsuite_default_RNGComponent" skipped="0" tests="3" time="0.3789207935333252">
		<testcase name="test_RNG_Marsaglia" time="0.126573" timestamp="2022_0218_14:42:35.846746 utc" classname="testcase_RNGComponent"/>
		<testcase name="test_RNG_Mersenne" time="0.125741" timestamp="2022_0218_14:42:35.973402 utc" classname="testcase_RNGComponent"/>
		<testcase name="test_RNG_xorshift" time="0.126607" timestamp="2022_0218_14:42:36.099231 utc" classname="testcase_RNGComponent"/>
	</testsuite>
</testsuites>
